<?xml version="1.0" encoding="UTF-8"?>
<!-- Generated by org.testng.reporters.JUnitReportReporter -->
<testsuite hostname="Hari" failures="0" tests="1" name="qtriptest.APITests.testCase_API_01" time="12.296" errors="0" timestamp="2024-09-21T19:35:38 IST" skipped="0">
  <testcase classname="qtriptest.APITests.testCase_API_01" name="testCase01" time="12.296"/>
  <system-out/>
</testsuite> <!-- qtriptest.APITests.testCase_API_01 -->
